<?xml version="1.0" encoding="UTF-8"?>
<!-- Generated by org.testng.reporters.JUnitReportReporter -->
<testsuite skipped="0" hostname="prashannth_" name="com.Selenium.Practice.BasicLoginDemo" tests="1" failures="0" timestamp="30 Mar 2018 20:38:59 GMT" time="13.132" errors="0">
  <testcase name="verifytitle" time="13.132" classname="com.Selenium.Practice.BasicLoginDemo"/>
</testsuite> <!-- com.Selenium.Practice.BasicLoginDemo -->
